<?xml version="1.0" encoding="UTF-8"?>
<!-- Generated by org.testng.reporters.JUnitXMLReporter -->
<testsuite hostname="Nish_Krupa" ignored="0" name="Default test" tests="2" failures="0" timestamp="20 Aug 2019 12:19:32 GMT" time="40.826" errors="0">
  <testcase name="clickOnPropertiesforSale" time="6.352" classname="com.zoopla.testcases.ForSaleTest"/>
  <testcase name="searchpropertiesforSale" time="0.0" classname="com.zoopla.testcases.ForSaleTest">
    <skipped/>
  </testcase> <!-- searchpropertiesforSale -->
</testsuite> <!-- Default test -->
