<?xml version="1.0" encoding="UTF-8"?>
<testng-results skipped="1" failed="0" ignored="0" total="4" passed="3">
  <reporter-output>
  </reporter-output>
  <suite name="Zoopla Test" duration-ms="70426" started-at="2019-08-20T14:36:10Z" finished-at="2019-08-20T14:37:20Z">
    <groups>
    </groups>
    <test name="Home page Test" duration-ms="45135" started-at="2019-08-20T14:36:10Z" finished-at="2019-08-20T14:36:55Z">
      <class name="com.zoopla.testcases.HomePageTest">
        <test-method status="PASS" signature="setup()[pri:0, instance:com.zoopla.testcases.HomePageTest@355ce6a6]" name="setup" is-config="true" duration-ms="25592" started-at="2019-08-20T14:36:10Z" finished-at="2019-08-20T14:36:35Z">
          <reporter-output>
          </reporter-output>
        </test-method> <!-- setup -->
        <test-method status="PASS" signature="verifyHomePageHeading()[pri:1, instance:com.zoopla.testcases.HomePageTest@355ce6a6]" name="verifyHomePageHeading" duration-ms="143" started-at="2019-08-20T14:36:35Z" finished-at="2019-08-20T14:36:35Z">
          <reporter-output>
          </reporter-output>
        </test-method> <!-- verifyHomePageHeading -->
        <test-method status="PASS" signature="tearDown()[pri:0, instance:com.zoopla.testcases.HomePageTest@355ce6a6]" name="tearDown" is-config="true" duration-ms="1192" started-at="2019-08-20T14:36:35Z" finished-at="2019-08-20T14:36:37Z">
          <reporter-output>
          </reporter-output>
        </test-method> <!-- tearDown -->
        <test-method status="PASS" signature="setup()[pri:0, instance:com.zoopla.testcases.HomePageTest@355ce6a6]" name="setup" is-config="true" duration-ms="14304" started-at="2019-08-20T14:36:37Z" finished-at="2019-08-20T14:36:51Z">
          <reporter-output>
          </reporter-output>
        </test-method> <!-- setup -->
        <test-method status="PASS" signature="clickOnMyEnquirieslinkTest()[pri:2, instance:com.zoopla.testcases.HomePageTest@355ce6a6]" name="clickOnMyEnquirieslinkTest" duration-ms="2690" started-at="2019-08-20T14:36:51Z" finished-at="2019-08-20T14:36:54Z">
          <reporter-output>
          </reporter-output>
        </test-method> <!-- clickOnMyEnquirieslinkTest -->
        <test-method status="PASS" signature="tearDown()[pri:0, instance:com.zoopla.testcases.HomePageTest@355ce6a6]" name="tearDown" is-config="true" duration-ms="1093" started-at="2019-08-20T14:36:54Z" finished-at="2019-08-20T14:36:55Z">
          <reporter-output>
          </reporter-output>
        </test-method> <!-- tearDown -->
      </class> <!-- com.zoopla.testcases.HomePageTest -->
    </test> <!-- Home page Test -->
    <test name="For Sale Test" duration-ms="25041" started-at="2019-08-20T14:36:55Z" finished-at="2019-08-20T14:37:20Z">
      <class name="com.zoopla.testcases.ForSaleTest">
        <test-method status="PASS" signature="setup()[pri:0, instance:com.zoopla.testcases.ForSaleTest@28768e25]" name="setup" is-config="true" duration-ms="15786" started-at="2019-08-20T14:36:55Z" finished-at="2019-08-20T14:37:11Z">
          <reporter-output>
          </reporter-output>
        </test-method> <!-- setup -->
        <test-method status="PASS" signature="clickOnPropertiesforSale()[pri:1, instance:com.zoopla.testcases.ForSaleTest@28768e25]" name="clickOnPropertiesforSale" duration-ms="6376" started-at="2019-08-20T14:37:11Z" finished-at="2019-08-20T14:37:17Z">
          <reporter-output>
          </reporter-output>
        </test-method> <!-- clickOnPropertiesforSale -->
        <test-method status="PASS" signature="tearDown()[pri:0, instance:com.zoopla.testcases.ForSaleTest@28768e25]" name="tearDown" is-config="true" duration-ms="1187" started-at="2019-08-20T14:37:17Z" finished-at="2019-08-20T14:37:18Z">
          <reporter-output>
          </reporter-output>
        </test-method> <!-- tearDown -->
        <test-method status="SKIP" signature="searchpropertiesforSale(java.lang.String, java.lang.String, java.lang.String, java.lang.String, java.lang.String)[pri:2, instance:com.zoopla.testcases.ForSaleTest@28768e25]" name="searchpropertiesforSale" duration-ms="0" started-at="2019-08-20T14:37:20Z" data-provider="propertiesforSaleData" finished-at="2019-08-20T14:37:20Z">
          <exception class="java.lang.RuntimeException">
            <message>
              <![CDATA[java.lang.NullPointerException]]>
            </message>
            <full-stacktrace>
              <![CDATA[java.lang.RuntimeException: java.lang.NullPointerException
at org.testng.internal.MethodInvocationHelper.invokeMethodNoCheckedException(MethodInvocationHelper.java:49)
at org.testng.internal.MethodInvocationHelper.invokeDataProvider(MethodInvocationHelper.java:131)
at org.testng.internal.Parameters.handleParameters(Parameters.java:706)
at org.testng.internal.ParameterHandler.handleParameters(ParameterHandler.java:49)
at org.testng.internal.ParameterHandler.createParameters(ParameterHandler.java:37)
at org.testng.internal.Invoker.invokeTestMethods(Invoker.java:923)
at org.testng.internal.TestMethodWorker.invokeTestMethods(TestMethodWorker.java:125)
at org.testng.internal.TestMethodWorker.run(TestMethodWorker.java:109)
at org.testng.TestRunner.privateRun(TestRunner.java:648)
at org.testng.TestRunner.run(TestRunner.java:505)
at org.testng.SuiteRunner.runTest(SuiteRunner.java:455)
at org.testng.SuiteRunner.runSequentially(SuiteRunner.java:450)
at org.testng.SuiteRunner.privateRun(SuiteRunner.java:415)
at org.testng.SuiteRunner.run(SuiteRunner.java:364)
at org.testng.SuiteRunnerWorker.runSuite(SuiteRunnerWorker.java:52)
at org.testng.SuiteRunnerWorker.run(SuiteRunnerWorker.java:84)
at org.testng.TestNG.runSuitesSequentially(TestNG.java:1208)
at org.testng.TestNG.runSuitesLocally(TestNG.java:1137)
at org.testng.TestNG.runSuites(TestNG.java:1049)
at org.testng.TestNG.run(TestNG.java:1017)
at org.testng.remote.AbstractRemoteTestNG.run(AbstractRemoteTestNG.java:114)
at org.testng.remote.RemoteTestNG.initAndRun(RemoteTestNG.java:251)
at org.testng.remote.RemoteTestNG.main(RemoteTestNG.java:77)
Caused by: java.lang.NullPointerException
at com.zoopla.util.TestUtil.getTestData(TestUtil.java:42)
at com.zoopla.testcases.ForSaleTest.propertiesforSaleData(ForSaleTest.java:44)
at sun.reflect.NativeMethodAccessorImpl.invoke0(Native Method)
at sun.reflect.NativeMethodAccessorImpl.invoke(NativeMethodAccessorImpl.java:62)
at sun.reflect.DelegatingMethodAccessorImpl.invoke(DelegatingMethodAccessorImpl.java:43)
at java.lang.reflect.Method.invoke(Method.java:498)
at org.testng.internal.MethodInvocationHelper.invokeMethod(MethodInvocationHelper.java:124)
at org.testng.internal.MethodInvocationHelper.invokeMethod(MethodInvocationHelper.java:74)
at org.testng.internal.MethodInvocationHelper.invokeMethodNoCheckedException(MethodInvocationHelper.java:45)
... 22 more
]]>
            </full-stacktrace>
          </exception> <!-- java.lang.RuntimeException -->
          <reporter-output>
          </reporter-output>
        </test-method> <!-- searchpropertiesforSale -->
      </class> <!-- com.zoopla.testcases.ForSaleTest -->
    </test> <!-- For Sale Test -->
  </suite> <!-- Zoopla Test -->
</testng-results>
